#-----------------------------------------------------------
# Vivado v2018.2 (64-bit)
# SW Build 2258646 on Thu Jun 14 20:03:12 MDT 2018
# IP Build 2256618 on Thu Jun 14 22:10:49 MDT 2018
# Start of session at: Sat Jul 22 12:08:41 2023
# Process ID: 6284
# Current directory: C:/Users/rudra/Downloads/Traffic-Light-Controller-using-Verilog-master/PWM_Generator
# Command line: vivado.exe -gui_launcher_event rodinguilauncherevent6220 C:\Users\rudra\Downloads\Traffic-Light-Controller-using-Verilog-master\PWM_Generator\pwm.xpr
# Log file: C:/Users/rudra/Downloads/Traffic-Light-Controller-using-Verilog-master/PWM_Generator/vivado.log
# Journal file: C:/Users/rudra/Downloads/Traffic-Light-Controller-using-Verilog-master/PWM_Generator\vivado.jou
#-----------------------------------------------------------
start_gui
open_project C:/Users/rudra/Downloads/Traffic-Light-Controller-using-Verilog-master/PWM_Generator/pwm.xpr
INFO: [ProjectBase 1-489] The host OS only allows 260 characters in a normal path. The project is stored in a path with more than 80 characters. If you experience issues with IP, Block Designs, or files not being found, please consider moving the project to a location with a shorter path. Alternately consider using the OS subst command to map part of the path to a drive letter.
Current project path is 'C:/Users/rudra/Downloads/Traffic-Light-Controller-using-Verilog-master/PWM_Generator'
INFO: [Project 1-313] Project file moved from 'C:/Users/rudra/Downloads/Traffic-Light-Controller-using-Verilog-master/pwm' since last save.
Scanning sources...
Finished scanning sources
INFO: [IP_Flow 19-234] Refreshing IP repositories
INFO: [IP_Flow 19-1704] No user IP repositories specified
INFO: [IP_Flow 19-2313] Loaded Vivado IP repository 'C:/Xilinx/Vivado/2018.2/data/ip'.
open_project: Time (s): cpu = 00:00:12 ; elapsed = 00:00:08 . Memory (MB): peak = 858.379 ; gain = 125.703
update_compile_order -fileset sources_1
exit
INFO: [Common 17-206] Exiting Vivado at Sat Jul 22 12:09:17 2023...
